<?xml version="1.0" encoding="UTF-8"?>
<testsuite name="entity.PlateauTest" tests="2" skipped="0" failures="0" errors="0" timestamp="2022-03-15T12:03:54" hostname="Ricks-MacBook-Pro.local" time="0.001">
  <properties/>
  <testcase name="isNotInPlateau()" classname="entity.PlateauTest" time="0.001"/>
  <testcase name="isInPlateau()" classname="entity.PlateauTest" time="0.0"/>
  <system-out><![CDATA[]]></system-out>
  <system-err><![CDATA[]]></system-err>
</testsuite>
