<?xml version="1.0" encoding="UTF-8"?>
<testsuite name="MarsRoversApplicationTest" tests="2" skipped="0" failures="0" errors="0" timestamp="2022-03-15T12:03:54" hostname="Ricks-MacBook-Pro.local" time="0.07">
  <properties/>
  <testcase name="mainPass()" classname="MarsRoversApplicationTest" time="0.067"/>
  <testcase name="threeRovers()" classname="MarsRoversApplicationTest" time="0.002"/>
  <system-out><![CDATA[1 3 N
5 1 E
10 11 N
1 3 N
5 1 E
]]></system-out>
  <system-err><![CDATA[]]></system-err>
</testsuite>
