<?xml version="1.0" encoding="UTF-8"?>
<testsuite name="entity.PositionTest" tests="2" skipped="0" failures="0" errors="0" timestamp="2022-03-15T12:03:54" hostname="Ricks-MacBook-Pro.local" time="0.006">
  <properties/>
  <testcase name="inSamePosition()" classname="entity.PositionTest" time="0.003"/>
  <testcase name="inDifferentPosition()" classname="entity.PositionTest" time="0.001"/>
  <system-out><![CDATA[]]></system-out>
  <system-err><![CDATA[]]></system-err>
</testsuite>
