<?xml version="1.0" encoding="UTF-8"?>
<testsuite name="entity.PositionTest" tests="2" skipped="0" failures="0" errors="0" timestamp="2022-03-15T12:07:23" hostname="Ricks-MacBook-Pro.local" time="0.004">
  <properties/>
  <testcase name="inSamePosition()" classname="entity.PositionTest" time="0.0"/>
  <testcase name="inDifferentPosition()" classname="entity.PositionTest" time="0.004"/>
  <system-out><![CDATA[]]></system-out>
  <system-err><![CDATA[]]></system-err>
</testsuite>
