<?xml version="1.0" encoding="UTF-8"?>
<testsuite name="service.ControllerTest" tests="2" skipped="0" failures="0" errors="0" timestamp="2022-03-15T12:03:54" hostname="Ricks-MacBook-Pro.local" time="0.003">
  <properties/>
  <testcase name="aRoverHasNoCommand()" classname="service.ControllerTest" time="0.002"/>
  <testcase name="operateRoversTest()" classname="service.ControllerTest" time="0.001"/>
  <system-out><![CDATA[]]></system-out>
  <system-err><![CDATA[]]></system-err>
</testsuite>
